<?xml version="1.0" encoding="UTF-8"?>
<!-- Generated by org.testng.reporters.JUnitReportReporter -->
<testsuite hostname="LAPTOP-TC8I3P4Q" failures="0" tests="8" name="testngflags.Flag4" time="0.024" errors="0" timestamp="2023-05-26T10:49:54 IST" skipped="0">
  <testcase classname="testngflags.Flag4" name="c" time="0.002"/>
  <system-out>
    <![CDATA[method c]]>
  </system-out>
  <testcase classname="testngflags.Flag4" name="a" time="0.012"/>
  <system-out>
    <![CDATA[method a]]>
  </system-out>
  <testcase classname="testngflags.Flag4" name="d" time="0.001"/>
  <system-out>
    <![CDATA[method d]]>
  </system-out>
  <testcase classname="testngflags.Flag4" name="g" time="0.002"/>
  <system-out>
    <![CDATA[method g]]>
  </system-out>
  <testcase classname="testngflags.Flag4" name="b" time="0.001"/>
  <system-out>
    <![CDATA[method b]]>
  </system-out>
  <testcase classname="testngflags.Flag4" name="e" time="0.003"/>
  <system-out>
    <![CDATA[method e]]>
  </system-out>
  <testcase classname="testngflags.Flag4" name="h" time="0.001"/>
  <system-out>
    <![CDATA[method h]]>
  </system-out>
  <testcase classname="testngflags.Flag4" name="f" time="0.002"/>
  <system-out>
    <![CDATA[method f]]>
  </system-out>
</testsuite> <!-- testngflags.Flag4 -->
