<?xml version="1.0" encoding="UTF-8"?>
<!-- Generated by org.testng.reporters.JUnitReportReporter -->
<testsuite hostname="LAPTOP-TC8I3P4Q" failures="0" tests="2" name="testng.Demo" time="0.014" errors="0" timestamp="2023-05-26T10:04:26 IST" skipped="0">
  <testcase classname="testng.Demo" name="f" time="0.012"/>
  <system-out>
    <![CDATA[Hii TestNG!!]]>
  </system-out>
  <testcase classname="testng.Demo" name="g" time="0.002"/>
  <system-out>
    <![CDATA[hey java!!!]]>
  </system-out>
</testsuite> <!-- testng.Demo -->
